#
# There is insufficient memory for the Java Runtime Environment to continue.
# Native memory allocation (mmap) failed to map 536870912 bytes. Error detail: G1 virtual space
# Possible reasons:
#   The system is out of physical RAM or swap space
#   This process is running with CompressedOops enabled, and the Java Heap may be blocking the growth of the native heap
# Possible solutions:
#   Reduce memory load on the system
#   Increase physical memory or swap space
#   Check if swap backing store is full
#   Decrease Java heap size (-Xmx/-Xms)
#   Decrease number of Java threads
#   Decrease Java thread stack sizes (-Xss)
#   Set larger code cache with -XX:ReservedCodeCacheSize=
#   JVM is running with Zero Based Compressed Oops mode in which the Java heap is
#     placed in the first 32GB address space. The Java Heap base address is the
#     maximum limit for the native heap growth. Please use -XX:HeapBaseMinAddress
#     to set the Java Heap base and to place the Java Heap above 32GB virtual address.
# This output file may be truncated or incomplete.
#
#  Out of Memory Error (os_windows.cpp:3678), pid=36580, tid=34040
#
# JRE version:  (17.0.12+7) (build )
# Java VM: OpenJDK 64-Bit Server VM (17.0.12+7-LTS, mixed mode, sharing, tiered, compressed oops, compressed class ptrs, g1 gc, windows-amd64)
# No core dump will be written. Minidumps are not enabled by default on client versions of Windows
#

---------------  S U M M A R Y ------------

Command Line: com.xamarin.manifestmerger.Main obj\Debug\net9.0-android\android\manifestmerger.rsp

Host: Intel(R) Core(TM) i5-6600K CPU @ 3.50GHz, 4 cores, 31G,  Windows 11 , 64 bit Build 22621 (10.0.22621.5124)
Time: Sun May  4 21:23:37 2025 Pacific Daylight Time elapsed time: 0.023658 seconds (0d 0h 0m 0s)

---------------  T H R E A D  ---------------

Current thread (0x0000024a70895530):  JavaThread "Unknown thread" [_thread_in_vm, id=34040, stack(0x000000ad77200000,0x000000ad77300000)]

Stack: [0x000000ad77200000,0x000000ad77300000]
Native frames: (J=compiled Java code, j=interpreted, Vv=VM code, C=native code)
V  [jvm.dll+0x686d99]
V  [jvm.dll+0x83daf8]
V  [jvm.dll+0x83f5a3]
V  [jvm.dll+0x83fc13]
V  [jvm.dll+0x2492ef]
V  [jvm.dll+0x683dd9]
V  [jvm.dll+0x6782fa]
V  [jvm.dll+0x30a797]
V  [jvm.dll+0x311d06]
V  [jvm.dll+0x36252e]
V  [jvm.dll+0x36276d]
V  [jvm.dll+0x2e1a9c]
V  [jvm.dll+0x2e29b4]
V  [jvm.dll+0x80faab]
V  [jvm.dll+0x370241]
V  [jvm.dll+0x7ee6bf]
V  [jvm.dll+0x3f6ccf]
V  [jvm.dll+0x3f87f1]
C  [jli.dll+0x5284]
C  [ucrtbase.dll+0x29333]
C  [KERNEL32.DLL+0x1259d]
C  [ntdll.dll+0x5af38]


---------------  P R O C E S S  ---------------

Threads class SMR info:
_java_thread_list=0x00007ffc546bcf98, length=0, elements={
}

Java Threads: ( => current thread )

Other Threads:
  0x0000024a70944f70 GCTaskThread "GC Thread#0" [stack: 0x000000ad77300000,0x000000ad77400000] [id=32904]
  0x0000024a7b3c8020 ConcurrentGCThread "G1 Main Marker" [stack: 0x000000ad77400000,0x000000ad77500000] [id=26484]
  0x0000024a7b3c8a40 ConcurrentGCThread "G1 Conc#0" [stack: 0x000000ad77500000,0x000000ad77600000] [id=17136]

[error occurred during error reporting (printing all threads), id 0xc0000005, EXCEPTION_ACCESS_VIOLATION (0xc0000005) at pc=0x00007ffc53e725b7]

VM state: not at safepoint (not fully initialized)

VM Mutex/Monitor currently owned by a thread:  ([mutex/lock_event])
[0x0000024a70892970] Heap_lock - owner thread: 0x0000024a70895530

Heap address: 0x0000000601c00000, size: 8164 MB, Compressed Oops mode: Zero based, Oop shift amount: 3

CDS archive(s) mapped at: [0x0000000000000000-0x0000000000000000-0x0000000000000000), size 0, SharedBaseAddress: 0x0000000800000000, ArchiveRelocationMode: 1.
Narrow klass base: 0x0000000000000000, Narrow klass shift: 0, Narrow klass range: 0x0

GC Precious Log:
<Empty>

Heap:
 garbage-first heap   total 0K, used 0K [0x0000000601c00000, 0x0000000800000000)
  region size 4096K, 0 young (0K), 0 survivors (0K)

[error occurred during error reporting (printing heap information), id 0xc0000005, EXCEPTION_ACCESS_VIOLATION (0xc0000005) at pc=0x00007ffc54260a39]

GC Heap History (0 events):
No events

Dll operation events (1 events):
Event: 0.013 Loaded shared library C:\Program Files (x86)\Android\openjdk\jdk-17.0.12\bin\java.dll

Deoptimization events (0 events):
No events

Classes loaded (0 events):
No events

Classes unloaded (0 events):
No events

Classes redefined (0 events):
No events

Internal exceptions (0 events):
No events

VM Operations (0 events):
No events

Events (0 events):
No events


Dynamic libraries:
0x00007ff6714b0000 - 0x00007ff6714be000 	C:\Program Files (x86)\Android\openjdk\jdk-17.0.12\bin\java.exe
0x00007ffd4bbd0000 - 0x00007ffd4bde7000 	C:\Windows\SYSTEM32\ntdll.dll
0x00007ffd4a340000 - 0x00007ffd4a404000 	C:\Windows\System32\KERNEL32.DLL
0x00007ffd48f20000 - 0x00007ffd492f3000 	C:\Windows\System32\KERNELBASE.dll
0x00007ffd48ce0000 - 0x00007ffd48df1000 	C:\Windows\System32\ucrtbase.dll
0x00007ffd278f0000 - 0x00007ffd2790d000 	C:\Program Files (x86)\Android\openjdk\jdk-17.0.12\bin\VCRUNTIME140.dll
0x00007ffd26cd0000 - 0x00007ffd26ce7000 	C:\Program Files (x86)\Android\openjdk\jdk-17.0.12\bin\jli.dll
0x00007ffd4a180000 - 0x00007ffd4a331000 	C:\Windows\System32\USER32.dll
0x00007ffd3f010000 - 0x00007ffd3f2a8000 	C:\Windows\WinSxS\amd64_microsoft.windows.common-controls_6595b64144ccf1df_6.0.22621.5124_none_270e8f4f7386d69d\COMCTL32.dll
0x00007ffd496d0000 - 0x00007ffd496f6000 	C:\Windows\System32\win32u.dll
0x00007ffd4b740000 - 0x00007ffd4b7e7000 	C:\Windows\System32\msvcrt.dll
0x00007ffd4ba80000 - 0x00007ffd4baa9000 	C:\Windows\System32\GDI32.dll
0x00007ffd495b0000 - 0x00007ffd496cb000 	C:\Windows\System32\gdi32full.dll
0x00007ffd48e80000 - 0x00007ffd48f1a000 	C:\Windows\System32\msvcp_win.dll
0x00007ffd4b9c0000 - 0x00007ffd4b9f1000 	C:\Windows\System32\IMM32.DLL
0x00007ffd3b870000 - 0x00007ffd3b87c000 	C:\Program Files (x86)\Android\openjdk\jdk-17.0.12\bin\vcruntime140_1.dll
0x00007ffc93f00000 - 0x00007ffc93f8d000 	C:\Program Files (x86)\Android\openjdk\jdk-17.0.12\bin\msvcp140.dll
0x00007ffc53b80000 - 0x00007ffc547f0000 	C:\Program Files (x86)\Android\openjdk\jdk-17.0.12\bin\server\jvm.dll
0x00007ffd4bab0000 - 0x00007ffd4bb61000 	C:\Windows\System32\ADVAPI32.dll
0x00007ffd49be0000 - 0x00007ffd49c88000 	C:\Windows\System32\sechost.dll
0x00007ffd49580000 - 0x00007ffd495a8000 	C:\Windows\System32\bcrypt.dll
0x00007ffd4b8a0000 - 0x00007ffd4b9b4000 	C:\Windows\System32\RPCRT4.dll
0x00007ffd4a410000 - 0x00007ffd4a481000 	C:\Windows\System32\WS2_32.dll
0x00007ffd48670000 - 0x00007ffd486bd000 	C:\Windows\SYSTEM32\POWRPROF.dll
0x00007ffd3f2c0000 - 0x00007ffd3f2f4000 	C:\Windows\SYSTEM32\WINMM.dll
0x00007ffd46930000 - 0x00007ffd4693a000 	C:\Windows\SYSTEM32\VERSION.dll
0x00007ffd485e0000 - 0x00007ffd485f3000 	C:\Windows\SYSTEM32\UMPDC.dll
0x00007ffd47d10000 - 0x00007ffd47d28000 	C:\Windows\SYSTEM32\kernel.appcore.dll
0x00007ffd31d20000 - 0x00007ffd31d2a000 	C:\Program Files (x86)\Android\openjdk\jdk-17.0.12\bin\jimage.dll
0x00007ffd42ff0000 - 0x00007ffd43222000 	C:\Windows\SYSTEM32\DBGHELP.DLL
0x00007ffd4ad30000 - 0x00007ffd4b0c2000 	C:\Windows\System32\combase.dll
0x00007ffd49950000 - 0x00007ffd49a27000 	C:\Windows\System32\OLEAUT32.dll
0x00007ffd42fb0000 - 0x00007ffd42fe2000 	C:\Windows\SYSTEM32\dbgcore.DLL
0x00007ffd49300000 - 0x00007ffd4937b000 	C:\Windows\System32\bcryptPrimitives.dll
0x00007ffd0dae0000 - 0x00007ffd0db05000 	C:\Program Files (x86)\Android\openjdk\jdk-17.0.12\bin\java.dll

dbghelp: loaded successfully - version: 4.0.5 - missing functions: none
symbol engine: initialized successfully - sym options: 0x614 - pdb path: .;C:\Program Files (x86)\Android\openjdk\jdk-17.0.12\bin;C:\Windows\SYSTEM32;C:\Windows\WinSxS\amd64_microsoft.windows.common-controls_6595b64144ccf1df_6.0.22621.5124_none_270e8f4f7386d69d;C:\Program Files (x86)\Android\openjdk\jdk-17.0.12\bin\server

VM Arguments:
java_command: com.xamarin.manifestmerger.Main obj\Debug\net9.0-android\android\manifestmerger.rsp
java_class_path (initial): C:\Program Files\dotnet\packs\Microsoft.Android.Sdk.Windows\35.0.39\tools\manifestmerger.jar
Launcher Type: SUN_STANDARD

[Global flags]
     intx CICompilerCount                          = 3                                         {product} {ergonomic}
     uint ConcGCThreads                            = 1                                         {product} {ergonomic}
     uint G1ConcRefinementThreads                  = 4                                         {product} {ergonomic}
   size_t G1HeapRegionSize                         = 4194304                                   {product} {ergonomic}
    uintx GCDrainStackTargetSize                   = 64                                        {product} {ergonomic}
   size_t InitialHeapSize                          = 536870912                                 {product} {ergonomic}
   size_t MarkStackSize                            = 4194304                                   {product} {ergonomic}
   size_t MaxHeapSize                              = 8560574464                                {product} {ergonomic}
   size_t MinHeapDeltaBytes                        = 4194304                                   {product} {ergonomic}
   size_t MinHeapSize                              = 8388608                                   {product} {ergonomic}
    uintx NonNMethodCodeHeapSize                   = 5832780                                {pd product} {ergonomic}
    uintx NonProfiledCodeHeapSize                  = 122912730                              {pd product} {ergonomic}
    uintx ProfiledCodeHeapSize                     = 122912730                              {pd product} {ergonomic}
    uintx ReservedCodeCacheSize                    = 251658240                              {pd product} {ergonomic}
     bool SegmentedCodeCache                       = true                                      {product} {ergonomic}
   size_t SoftMaxHeapSize                          = 8560574464                             {manageable} {ergonomic}
     bool UseCompressedClassPointers               = true                           {product lp64_product} {ergonomic}
     bool UseCompressedOops                        = true                           {product lp64_product} {ergonomic}
     bool UseG1GC                                  = true                                      {product} {ergonomic}
     bool UseLargePagesIndividualAllocation        = false                                  {pd product} {ergonomic}

Logging:
Log output configuration:
 #0: stdout all=warning uptime,level,tags
 #1: stderr all=off uptime,level,tags

Environment Variables:
PATH=C:\Program Files (x86)\Android\openjdk\jdk-17.0.12\bin;C:\Windows\system32;C:\Windows;C:\Windows\System32\Wbem;C:\Windows\System32\WindowsPowerShell\v1.0\;C:\Windows\System32\OpenSSH\;C:\Program Files\IDM Computer Solutions\UltraEdit;C:\Program Files\IDM Computer Solutions\UltraCompare;C:\Program Files\Calibre2\;C:\Program Files\Git\cmd;C:\Program Files\dotnet\;C:\Users\ace57\AppData\Local\Programs\Python\Python312\Scripts\;C:\Users\ace57\AppData\Local\Programs\Python\Python312\;C:\Users\ace57\AppData\Local\Programs\Python\Launcher\;C:\Users\ace57\AppData\Local\Microsoft\WindowsApps;C:\Users\ace57\.dotnet\tools
USERNAME=ace57
OS=Windows_NT
PROCESSOR_IDENTIFIER=Intel64 Family 6 Model 94 Stepping 3, GenuineIntel
TMP=C:\Users\ace57\AppData\Local\Temp
TEMP=C:\Users\ace57\AppData\Local\Temp



Periodic native trim disabled


---------------  S Y S T E M  ---------------

OS:
 Windows 11 , 64 bit Build 22621 (10.0.22621.5124)
OS uptime: 25 days 16:50 hours

CPU: total 4 (initial active 4) (4 cores per cpu, 1 threads per core) family 6 model 94 stepping 3 microcode 0xd6, cx8, cmov, fxsr, mmx, 3dnowpref, sse, sse2, sse3, ssse3, sse4.1, sse4.2, popcnt, lzcnt, tsc, tscinvbit, avx, avx2, aes, erms, clmul, bmi1, bmi2, rtm, adx, fma, vzeroupper, clflush, clflushopt
Processor Information for the first 4 processors :
  Max Mhz: 3501, Current Mhz: 3501, Mhz Limit: 3501

Memory: 4k page, system-wide physical 32645M (5477M free)
TotalPageFile size 59863M (AvailPageFile size 367M)
current process WorkingSet (physical memory assigned to process): 11M, peak: 11M
current process commit charge ("private bytes"): 52M, peak: 564M

vm_info: OpenJDK 64-Bit Server VM (17.0.12+7-LTS) for windows-amd64 JRE (17.0.12+7-LTS), built on Jul 16 2024 18:11:44 by "MicrosoftCorporation" with unknown MS VC++:1939

END.
